build/app/outputs/mapping/r8/release/mapping.txt
# compiler: R8
# compiler_version: 1.2.49
# min_api: 16
com.example.pow.MainActivity -> com.example.pow.MainActivity:
...
io.grpc.internal.RetriableStream$Substream -> c.a.b.Bc$i:
    boolean bufferLimitExceeded -> c
    boolean closed -> b
    int previousAttemptCount -> d
    io.grpc.internal.ClientStream stream -> a
io.grpc.internal.RetriableStream$Throttle -> c.a.b.Bc$j:
    int maxTokens -> a
    int threshold -> b
    int tokenRatio -> c
    java.util.concurrent.atomic.AtomicInteger tokenCount -> d
    boolean isAboveThreshold() -> a
    boolean onQualifiedFailureThenCheckIsAboveThreshold() -> b
    void onSuccess() -> c
io.grpc.internal.RetryPolicy -> c.a.b.Gc:
    double backoffMultiplier -> e
    int maxAttempts -> b
    java.util.Set retryableStatusCodes -> f
    long initialBackoffNanos -> c
    long maxBackoffNanos -> d
    io.grpc.internal.RetryPolicy DEFAULT -> a
io.grpc.internal.RetryPolicy$Provider -> c.a.b.Gc$a:
    io.grpc.internal.RetryPolicy get() -> a
io.grpc.internal.SerializeReentrantCallsDirectExecutor -> c.a.b.Hc:
    boolean executing -> b
    java.util.ArrayDeque taskQueue -> c
    java.util.logging.Logger log -> a
    void completeQueuedTasks() -> a
    void enqueue(java.lang.Runnable) -> a
io.grpc.internal.SerializingExecutor -> c.a.b.Jc:
    int runState -> e
    java.util.Queue runQueue -> d
    java.util.concurrent.Executor executor -> c
    io.grpc.internal.SerializingExecutor$AtomicHelper atomicHelper -> b
    java.util.logging.Logger log -> a
    int access$300(io.grpc.internal.SerializingExecutor) -> a
    int access$302(io.grpc.internal.SerializingExecutor,int) -> a
    io.grpc.internal.SerializingExecutor$AtomicHelper getAtomicHelper() -> a
    void schedule(java.lang.Runnable) -> a
io.grpc.internal.SerializingExecutor$1 -> c.a.b.Ic:
io.grpc.internal.SerializingExecutor$AtomicHelper -> c.a.b.Jc$a:
    boolean runStateCompareAndSet(io.grpc.internal.SerializingExecutor,int,int) -> a
    void runStateSet(io.grpc.internal.SerializingExecutor,int) -> a
io.grpc.internal.SerializingExecutor$FieldUpdaterAtomicHelper -> c.a.b.Jc$b:
    java.util.concurrent.atomic.AtomicIntegerFieldUpdater runStateUpdater -> a
    boolean runStateCompareAndSet(io.grpc.internal.SerializingExecutor,int,int) -> a
    void runStateSet(io.grpc.internal.SerializingExecutor,int) -> a
io.grpc.internal.SerializingExecutor$SynchronizedAtomicHelper -> c.a.b.Jc$c:
    boolean runStateCompareAndSet(io.grpc.internal.SerializingExecutor,int,int) -> a
    void runStateSet(io.grpc.internal.SerializingExecutor,int) -> a
io.grpc.internal.ServiceConfigInterceptor -> c.a.b.Oc:
    boolean initComplete -> g
    boolean retryEnabled -> d
    int maxHedgedAttemptsLimit -> f
    int maxRetryAttemptsLimit -> e
    java.util.concurrent.atomic.AtomicReference managedChannelServiceConfig -> c
    io.grpc.CallOptions$Key HEDGING_POLICY_KEY -> b
    io.grpc.CallOptions$Key RETRY_POLICY_KEY -> a
    boolean access$000(io.grpc.internal.ServiceConfigInterceptor) -> a
    io.grpc.internal.ManagedChannelServiceConfig$MethodInfo getMethodInfo(io.grpc.MethodDescriptor) -> c
    io.grpc.ClientCall interceptCall(io.grpc.MethodDescriptor,io.grpc.CallOptions,io.grpc.Channel) -> a
    io.grpc.internal.HedgingPolicy getHedgingPolicyFromConfig(io.grpc.MethodDescriptor) -> b
    io.grpc.internal.RetryPolicy getRetryPolicyFromConfig(io.grpc.MethodDescriptor) -> a
    void handleUpdate(java.util.Map) -> a
io.grpc.internal.ServiceConfigInterceptor$1DelayedHedgingPolicyProvider -> c.a.b.Kc:
    io.grpc.MethodDescriptor val$method -> a
    io.grpc.internal.ServiceConfigInterceptor this$0 -> b
    io.grpc.internal.HedgingPolicy get() -> a
io.grpc.internal.ServiceConfigInterceptor$1DelayedRetryPolicyProvider -> c.a.b.Lc:
    io.grpc.MethodDescriptor val$method -> a
    io.grpc.internal.ServiceConfigInterceptor this$0 -> b
    io.grpc.internal.RetryPolicy get() -> a